# JRE version: OpenJDK Runtime Environment Temurin-17.0.13+11 (17.0.13+11) (build 17.0.13+11)
# Java VM: OpenJDK 64-Bit Server VM Temurin-17.0.13+11 (17.0.13+11, mixed mode, tiered, compressed oops, compressed class ptrs, parallel gc, windows-amd64)
GC Precious Log:
 CPUs: 12 total, 12 available
 Memory: 12063M
 Large Page Support: Disabled
 NUMA Support: Disabled
 Compressed Oops: Enabled (32-bit)
 Alignments: Space 512K, Generation 512K, Heap 2M
 Heap Min Capacity: 100M
 Heap Initial Capacity: 100M
 Heap Max Capacity: 1G
 Pre-touch: Disabled
 Parallel Workers: 10
Heap:
 PSYoungGen      total 9216K, used 3655K [0x00000000eab00000, 0x00000000eb680000, 0x0000000100000000)
  eden space 6656K, 20% used [0x00000000eab00000,0x00000000eac53818,0x00000000eb180000)
  from space 2560K, 89% used [0x00000000eb400000,0x00000000eb63e6e8,0x00000000eb680000)
  to   space 2560K, 0% used [0x00000000eb180000,0x00000000eb180000,0x00000000eb400000)
 ParOldGen       total 243200K, used 206330K [0x00000000c0000000, 0x00000000ced80000, 0x00000000eab00000)
  object space 243200K, 84% used [0x00000000c0000000,0x00000000cc97eb58,0x00000000ced80000)
 Metaspace       used 67321K, committed 68672K, reserved 1114112K
  class space    used 7133K, committed 7744K, reserved 1048576K
GC Heap History (20 events):
Event: 20.627 GC heap before
{Heap before GC invocations=334 (full 12):
 PSYoungGen      total 9216K, used 9196K [0x00000000eab00000, 0x00000000ebe00000, 0x0000000100000000)
  eden space 6144K, 100% used [0x00000000eab00000,0x00000000eb100000,0x00000000eb100000)
  from space 3072K, 99% used [0x00000000eb680000,0x00000000eb97b000,0x00000000eb980000)
  to   space 5632K, 0% used [0x00000000eb100000,0x00000000eb100000,0x00000000eb680000)
 ParOldGen       total 243200K, used 194707K [0x00000000c0000000, 0x00000000ced80000, 0x00000000eab00000)
  object space 243200K, 80% used [0x00000000c0000000,0x00000000cbe24eb0,0x00000000ced80000)
 Metaspace       used 65907K, committed 67200K, reserved 1114112K
  class space    used 6968K, committed 7552K, reserved 1048576K
}
Event: 20.630 GC heap after
{Heap after GC invocations=334 (full 12):
 PSYoungGen      total 8704K, used 2344K [0x00000000eab00000, 0x00000000eb900000, 0x0000000100000000)
  eden space 6144K, 0% used [0x00000000eab00000,0x00000000eab00000,0x00000000eb100000)
  from space 2560K, 91% used [0x00000000eb100000,0x00000000eb34a260,0x00000000eb380000)
  to   space 3584K, 0% used [0x00000000eb580000,0x00000000eb580000,0x00000000eb900000)
 ParOldGen       total 243200K, used 197235K [0x00000000c0000000, 0x00000000ced80000, 0x00000000eab00000)
  object space 243200K, 81% used [0x00000000c0000000,0x00000000cc09ce50,0x00000000ced80000)
 Metaspace       used 65907K, committed 67200K, reserved 1114112K
  class space    used 6968K, committed 7552K, reserved 1048576K
}
Event: 20.657 GC heap before
{Heap before GC invocations=335 (full 12):
 PSYoungGen      total 8704K, used 8488K [0x00000000eab00000, 0x00000000eb900000, 0x0000000100000000)
  eden space 6144K, 100% used [0x00000000eab00000,0x00000000eb100000,0x00000000eb100000)
  from space 2560K, 91% used [0x00000000eb100000,0x00000000eb34a260,0x00000000eb380000)
  to   space 3584K, 0% used [0x00000000eb580000,0x00000000eb580000,0x00000000eb900000)
 ParOldGen       total 243200K, used 197235K [0x00000000c0000000, 0x00000000ced80000, 0x00000000eab00000)
  object space 243200K, 81% used [0x00000000c0000000,0x00000000cc09ce50,0x00000000ced80000)
 Metaspace       used 65907K, committed 67200K, reserved 1114112K
  class space    used 6968K, committed 7552K, reserved 1048576K
}
Event: 20.662 GC heap after
{Heap after GC invocations=335 (full 12):
 PSYoungGen      total 9728K, used 2309K [0x00000000eab00000, 0x00000000eb800000, 0x0000000100000000)
  eden space 7168K, 0% used [0x00000000eab00000,0x00000000eab00000,0x00000000eb200000)
  from space 2560K, 90% used [0x00000000eb580000,0x00000000eb7c14a0,0x00000000eb800000)
  to   space 2560K, 0% used [0x00000000eb300000,0x00000000eb300000,0x00000000eb580000)
 ParOldGen       total 243200K, used 199375K [0x00000000c0000000, 0x00000000ced80000, 0x00000000eab00000)
  object space 243200K, 81% used [0x00000000c0000000,0x00000000cc2b3cb0,0x00000000ced80000)
 Metaspace       used 65907K, committed 67200K, reserved 1114112K
  class space    used 6968K, committed 7552K, reserved 1048576K
}
Event: 20.777 GC heap before
{Heap before GC invocations=336 (full 12):
 PSYoungGen      total 9728K, used 9477K [0x00000000eab00000, 0x00000000eb800000, 0x0000000100000000)
  eden space 7168K, 100% used [0x00000000eab00000,0x00000000eb200000,0x00000000eb200000)
  from space 2560K, 90% used [0x00000000eb580000,0x00000000eb7c14a0,0x00000000eb800000)
  to   space 2560K, 0% used [0x00000000eb300000,0x00000000eb300000,0x00000000eb580000)
 ParOldGen       total 243200K, used 199375K [0x00000000c0000000, 0x00000000ced80000, 0x00000000eab00000)
  object space 243200K, 81% used [0x00000000c0000000,0x00000000cc2b3cb0,0x00000000ced80000)
 Metaspace       used 65908K, committed 67200K, reserved 1114112K
  class space    used 6968K, committed 7552K, reserved 1048576K
}
Event: 20.781 GC heap after
{Heap after GC invocations=336 (full 12):
 PSYoungGen      total 9216K, used 2020K [0x00000000eab00000, 0x00000000eb700000, 0x0000000100000000)
  eden space 7168K, 0% used [0x00000000eab00000,0x00000000eab00000,0x00000000eb200000)
  from space 2048K, 98% used [0x00000000eb300000,0x00000000eb4f9010,0x00000000eb500000)
  to   space 2048K, 0% used [0x00000000eb500000,0x00000000eb500000,0x00000000eb700000)
 ParOldGen       total 243200K, used 201951K [0x00000000c0000000, 0x00000000ced80000, 0x00000000eab00000)
  object space 243200K, 83% used [0x00000000c0000000,0x00000000cc537fd8,0x00000000ced80000)
 Metaspace       used 65908K, committed 67200K, reserved 1114112K
  class space    used 6968K, committed 7552K, reserved 1048576K
}
Event: 23.701 GC heap before
{Heap before GC invocations=337 (full 12):
 PSYoungGen      total 9216K, used 9185K [0x00000000eab00000, 0x00000000eb700000, 0x0000000100000000)
  eden space 7168K, 99% used [0x00000000eab00000,0x00000000eb1ff788,0x00000000eb200000)
  from space 2048K, 98% used [0x00000000eb300000,0x00000000eb4f9010,0x00000000eb500000)
  to   space 2048K, 0% used [0x00000000eb500000,0x00000000eb500000,0x00000000eb700000)
 ParOldGen       total 243200K, used 201951K [0x00000000c0000000, 0x00000000ced80000, 0x00000000eab00000)
  object space 243200K, 83% used [0x00000000c0000000,0x00000000cc537fd8,0x00000000ced80000)
 Metaspace       used 66043K, committed 67328K, reserved 1114112K
  class space    used 6979K, committed 7552K, reserved 1048576K
}
Event: 23.705 GC heap after
{Heap after GC invocations=337 (full 12):
 PSYoungGen      total 9216K, used 1728K [0x00000000eab00000, 0x00000000eb700000, 0x0000000100000000)
  eden space 7168K, 0% used [0x00000000eab00000,0x00000000eab00000,0x00000000eb200000)
  from space 2048K, 84% used [0x00000000eb500000,0x00000000eb6b0000,0x00000000eb700000)
  to   space 2048K, 0% used [0x00000000eb300000,0x00000000eb300000,0x00000000eb500000)
 ParOldGen       total 243200K, used 203817K [0x00000000c0000000, 0x00000000ced80000, 0x00000000eab00000)
  object space 243200K, 83% used [0x00000000c0000000,0x00000000cc70a678,0x00000000ced80000)
 Metaspace       used 66043K, committed 67328K, reserved 1114112K
  class space    used 6979K, committed 7552K, reserved 1048576K
}
Event: 25.431 GC heap before
{Heap before GC invocations=338 (full 12):
 PSYoungGen      total 9216K, used 8855K [0x00000000eab00000, 0x00000000eb700000, 0x0000000100000000)
  eden space 7168K, 99% used [0x00000000eab00000,0x00000000eb1f5ca8,0x00000000eb200000)
  from space 2048K, 84% used [0x00000000eb500000,0x00000000eb6b0000,0x00000000eb700000)
  to   space 2048K, 0% used [0x00000000eb300000,0x00000000eb300000,0x00000000eb500000)
 ParOldGen       total 243200K, used 203817K [0x00000000c0000000, 0x00000000ced80000, 0x00000000eab00000)
  object space 243200K, 83% used [0x00000000c0000000,0x00000000cc70a678,0x00000000ced80000)
 Metaspace       used 66617K, committed 67968K, reserved 1114112K
  class space    used 7068K, committed 7680K, reserved 1048576K
}
Event: 25.434 GC heap after
{Heap after GC invocations=338 (full 12):
 PSYoungGen      total 9216K, used 2039K [0x00000000eab00000, 0x00000000eb700000, 0x0000000100000000)
  eden space 7168K, 0% used [0x00000000eab00000,0x00000000eab00000,0x00000000eb200000)
  from space 2048K, 99% used [0x00000000eb300000,0x00000000eb4fdff8,0x00000000eb500000)
  to   space 2048K, 0% used [0x00000000eb500000,0x00000000eb500000,0x00000000eb700000)
 ParOldGen       total 243200K, used 203817K [0x00000000c0000000, 0x00000000ced80000, 0x00000000eab00000)
  object space 243200K, 83% used [0x00000000c0000000,0x00000000cc70a678,0x00000000ced80000)
 Metaspace       used 66617K, committed 67968K, reserved 1114112K
  class space    used 7068K, committed 7680K, reserved 1048576K
}
Event: 26.842 GC heap before
{Heap before GC invocations=339 (full 12):
 PSYoungGen      total 9216K, used 9207K [0x00000000eab00000, 0x00000000eb700000, 0x0000000100000000)
  eden space 7168K, 100% used [0x00000000eab00000,0x00000000eb200000,0x00000000eb200000)
  from space 2048K, 99% used [0x00000000eb300000,0x00000000eb4fdff8,0x00000000eb500000)
  to   space 2048K, 0% used [0x00000000eb500000,0x00000000eb500000,0x00000000eb700000)
 ParOldGen       total 243200K, used 203817K [0x00000000c0000000, 0x00000000ced80000, 0x00000000eab00000)
  object space 243200K, 83% used [0x00000000c0000000,0x00000000cc70a678,0x00000000ced80000)
 Metaspace       used 67295K, committed 68672K, reserved 1114112K
  class space    used 7133K, committed 7744K, reserved 1048576K
}
Event: 26.846 GC heap after
{Heap after GC invocations=339 (full 12):
 PSYoungGen      total 9216K, used 2025K [0x00000000eab00000, 0x00000000eb700000, 0x0000000100000000)
  eden space 7168K, 0% used [0x00000000eab00000,0x00000000eab00000,0x00000000eb200000)
  from space 2048K, 98% used [0x00000000eb500000,0x00000000eb6fa7f0,0x00000000eb700000)
  to   space 2560K, 0% used [0x00000000eb200000,0x00000000eb200000,0x00000000eb480000)
 ParOldGen       total 243200K, used 203865K [0x00000000c0000000, 0x00000000ced80000, 0x00000000eab00000)
  object space 243200K, 83% used [0x00000000c0000000,0x00000000cc716678,0x00000000ced80000)
 Metaspace       used 67295K, committed 68672K, reserved 1114112K
  class space    used 7133K, committed 7744K, reserved 1048576K
}
Event: 26.884 GC heap before
{Heap before GC invocations=340 (full 12):
 PSYoungGen      total 9216K, used 9193K [0x00000000eab00000, 0x00000000eb700000, 0x0000000100000000)
  eden space 7168K, 100% used [0x00000000eab00000,0x00000000eb200000,0x00000000eb200000)
  from space 2048K, 98% used [0x00000000eb500000,0x00000000eb6fa7f0,0x00000000eb700000)
  to   space 2560K, 0% used [0x00000000eb200000,0x00000000eb200000,0x00000000eb480000)
 ParOldGen       total 243200K, used 203865K [0x00000000c0000000, 0x00000000ced80000, 0x00000000eab00000)
  object space 243200K, 83% used [0x00000000c0000000,0x00000000cc716678,0x00000000ced80000)
 Metaspace       used 67295K, committed 68672K, reserved 1114112K
  class space    used 7133K, committed 7744K, reserved 1048576K
}
Event: 26.887 GC heap after
{Heap after GC invocations=340 (full 12):
 PSYoungGen      total 8192K, used 896K [0x00000000eab00000, 0x00000000eb580000, 0x0000000100000000)
  eden space 7168K, 0% used [0x00000000eab00000,0x00000000eab00000,0x00000000eb200000)
  from space 1024K, 87% used [0x00000000eb200000,0x00000000eb2e0000,0x00000000eb300000)
  to   space 1536K, 0% used [0x00000000eb400000,0x00000000eb400000,0x00000000eb580000)
 ParOldGen       total 243200K, used 205598K [0x00000000c0000000, 0x00000000ced80000, 0x00000000eab00000)
  object space 243200K, 84% used [0x00000000c0000000,0x00000000cc8c78a8,0x00000000ced80000)
 Metaspace       used 67295K, committed 68672K, reserved 1114112K
  class space    used 7133K, committed 7744K, reserved 1048576K
}
Event: 26.929 GC heap before
{Heap before GC invocations=341 (full 12):
 PSYoungGen      total 8192K, used 8064K [0x00000000eab00000, 0x00000000eb580000, 0x0000000100000000)
  eden space 7168K, 100% used [0x00000000eab00000,0x00000000eb200000,0x00000000eb200000)
  from space 1024K, 87% used [0x00000000eb200000,0x00000000eb2e0000,0x00000000eb300000)
  to   space 1536K, 0% used [0x00000000eb400000,0x00000000eb400000,0x00000000eb580000)
 ParOldGen       total 243200K, used 205598K [0x00000000c0000000, 0x00000000ced80000, 0x00000000eab00000)
  object space 243200K, 84% used [0x00000000c0000000,0x00000000cc8c78a8,0x00000000ced80000)
 Metaspace       used 67303K, committed 68672K, reserved 1114112K
  class space    used 7133K, committed 7744K, reserved 1048576K
}
Event: 26.934 GC heap after
{Heap after GC invocations=341 (full 12):
 PSYoungGen      total 8704K, used 1508K [0x00000000eab00000, 0x00000000eb600000, 0x0000000100000000)
  eden space 7168K, 0% used [0x00000000eab00000,0x00000000eab00000,0x00000000eb200000)
  from space 1536K, 98% used [0x00000000eb400000,0x00000000eb579000,0x00000000eb580000)
  to   space 2048K, 0% used [0x00000000eb200000,0x00000000eb200000,0x00000000eb400000)
 ParOldGen       total 243200K, used 205646K [0x00000000c0000000, 0x00000000ced80000, 0x00000000eab00000)
  object space 243200K, 84% used [0x00000000c0000000,0x00000000cc8d38a8,0x00000000ced80000)
 Metaspace       used 67303K, committed 68672K, reserved 1114112K
  class space    used 7133K, committed 7744K, reserved 1048576K
}
Event: 26.977 GC heap before
{Heap before GC invocations=342 (full 12):
 PSYoungGen      total 8704K, used 8676K [0x00000000eab00000, 0x00000000eb600000, 0x0000000100000000)
  eden space 7168K, 100% used [0x00000000eab00000,0x00000000eb200000,0x00000000eb200000)
  from space 1536K, 98% used [0x00000000eb400000,0x00000000eb579000,0x00000000eb580000)
  to   space 2048K, 0% used [0x00000000eb200000,0x00000000eb200000,0x00000000eb400000)
 ParOldGen       total 243200K, used 205646K [0x00000000c0000000, 0x00000000ced80000, 0x00000000eab00000)
  object space 243200K, 84% used [0x00000000c0000000,0x00000000cc8d38a8,0x00000000ced80000)
 Metaspace       used 67303K, committed 68672K, reserved 1114112K
  class space    used 7133K, committed 7744K, reserved 1048576K
}
Event: 26.982 GC heap after
{Heap after GC invocations=342 (full 12):
 PSYoungGen      total 9216K, used 1540K [0x00000000eab00000, 0x00000000eb600000, 0x0000000100000000)
  eden space 7168K, 0% used [0x00000000eab00000,0x00000000eab00000,0x00000000eb200000)
  from space 2048K, 75% used [0x00000000eb200000,0x00000000eb381000,0x00000000eb400000)
  to   space 2048K, 0% used [0x00000000eb400000,0x00000000eb400000,0x00000000eb600000)
 ParOldGen       total 243200K, used 206314K [0x00000000c0000000, 0x00000000ced80000, 0x00000000eab00000)
  object space 243200K, 84% used [0x00000000c0000000,0x00000000cc97ab58,0x00000000ced80000)
 Metaspace       used 67303K, committed 68672K, reserved 1114112K
  class space    used 7133K, committed 7744K, reserved 1048576K
}
Event: 27.294 GC heap before
{Heap before GC invocations=343 (full 12):
 PSYoungGen      total 9216K, used 8708K [0x00000000eab00000, 0x00000000eb600000, 0x0000000100000000)
  eden space 7168K, 100% used [0x00000000eab00000,0x00000000eb200000,0x00000000eb200000)
  from space 2048K, 75% used [0x00000000eb200000,0x00000000eb381000,0x00000000eb400000)
  to   space 2048K, 0% used [0x00000000eb400000,0x00000000eb400000,0x00000000eb600000)
 ParOldGen       total 243200K, used 206314K [0x00000000c0000000, 0x00000000ced80000, 0x00000000eab00000)
  object space 243200K, 84% used [0x00000000c0000000,0x00000000cc97ab58,0x00000000ced80000)
 Metaspace       used 67308K, committed 68672K, reserved 1114112K
  class space    used 7133K, committed 7744K, reserved 1048576K
}
Event: 27.299 GC heap after
{Heap after GC invocations=343 (full 12):
 PSYoungGen      total 8704K, used 1987K [0x00000000eab00000, 0x00000000eb700000, 0x0000000100000000)
  eden space 6656K, 0% used [0x00000000eab00000,0x00000000eab00000,0x00000000eb180000)
  from space 2048K, 97% used [0x00000000eb400000,0x00000000eb5f0f50,0x00000000eb600000)
  to   space 2560K, 0% used [0x00000000eb180000,0x00000000eb180000,0x00000000eb400000)
 ParOldGen       total 243200K, used 206314K [0x00000000c0000000, 0x00000000ced80000, 0x00000000eab00000)
  object space 243200K, 84% used [0x00000000c0000000,0x00000000cc97ab58,0x00000000ced80000)
 Metaspace       used 67308K, committed 68672K, reserved 1114112K
  class space    used 7133K, committed 7744K, reserved 1048576K
}

