# JRE version: OpenJDK Runtime Environment Temurin-17.0.13+11 (17.0.13+11) (build 17.0.13+11)
# Java VM: OpenJDK 64-Bit Server VM Temurin-17.0.13+11 (17.0.13+11, mixed mode, tiered, compressed oops, compressed class ptrs, parallel gc, windows-amd64)
GC Precious Log:
 CPUs: 12 total, 12 available
 Memory: 12063M
 Large Page Support: Disabled
 NUMA Support: Disabled
 Compressed Oops: Enabled (32-bit)
 Alignments: Space 512K, Generation 512K, Heap 2M
 Heap Min Capacity: 100M
 Heap Initial Capacity: 100M
 Heap Max Capacity: 1G
 Pre-touch: Disabled
 Parallel Workers: 10
Heap:
 PSYoungGen      total 19456K, used 6726K [0x00000000eab00000, 0x00000000ec080000, 0x0000000100000000)
  eden space 18432K, 32% used [0x00000000eab00000,0x00000000eb0e5840,0x00000000ebd00000)
  from space 1024K, 67% used [0x00000000ebf00000,0x00000000ebfac030,0x00000000ec000000)
  to   space 512K, 0% used [0x00000000ec000000,0x00000000ec000000,0x00000000ec080000)
 ParOldGen       total 68608K, used 33717K [0x00000000c0000000, 0x00000000c4300000, 0x00000000eab00000)
  object space 68608K, 49% used [0x00000000c0000000,0x00000000c20ed630,0x00000000c4300000)
 Metaspace       used 47903K, committed 48768K, reserved 1114112K
  class space    used 4826K, committed 5248K, reserved 1048576K
GC Heap History (20 events):
Event: 24.226 GC heap before
{Heap before GC invocations=16 (full 2):
 PSYoungGen      total 24576K, used 24226K [0x00000000eab00000, 0x00000000ec680000, 0x0000000100000000)
  eden space 22016K, 100% used [0x00000000eab00000,0x00000000ec080000,0x00000000ec080000)
  from space 2560K, 86% used [0x00000000ec080000,0x00000000ec2a8830,0x00000000ec300000)
  to   space 3072K, 0% used [0x00000000ec380000,0x00000000ec380000,0x00000000ec680000)
 ParOldGen       total 68608K, used 18242K [0x00000000c0000000, 0x00000000c4300000, 0x00000000eab00000)
  object space 68608K, 26% used [0x00000000c0000000,0x00000000c11d08e0,0x00000000c4300000)
 Metaspace       used 39420K, committed 40128K, reserved 1114112K
  class space    used 3988K, committed 4288K, reserved 1048576K
}
Event: 24.230 GC heap after
{Heap after GC invocations=16 (full 2):
 PSYoungGen      total 24064K, used 2016K [0x00000000eab00000, 0x00000000ec580000, 0x0000000100000000)
  eden space 22016K, 0% used [0x00000000eab00000,0x00000000eab00000,0x00000000ec080000)
  from space 2048K, 98% used [0x00000000ec380000,0x00000000ec578000,0x00000000ec580000)
  to   space 2560K, 0% used [0x00000000ec080000,0x00000000ec080000,0x00000000ec300000)
 ParOldGen       total 68608K, used 20281K [0x00000000c0000000, 0x00000000c4300000, 0x00000000eab00000)
  object space 68608K, 29% used [0x00000000c0000000,0x00000000c13ce468,0x00000000c4300000)
 Metaspace       used 39420K, committed 40128K, reserved 1114112K
  class space    used 3988K, committed 4288K, reserved 1048576K
}
Event: 24.312 GC heap before
{Heap before GC invocations=17 (full 2):
 PSYoungGen      total 24064K, used 24032K [0x00000000eab00000, 0x00000000ec580000, 0x0000000100000000)
  eden space 22016K, 100% used [0x00000000eab00000,0x00000000ec080000,0x00000000ec080000)
  from space 2048K, 98% used [0x00000000ec380000,0x00000000ec578000,0x00000000ec580000)
  to   space 2560K, 0% used [0x00000000ec080000,0x00000000ec080000,0x00000000ec300000)
 ParOldGen       total 68608K, used 20281K [0x00000000c0000000, 0x00000000c4300000, 0x00000000eab00000)
  object space 68608K, 29% used [0x00000000c0000000,0x00000000c13ce468,0x00000000c4300000)
 Metaspace       used 39500K, committed 40320K, reserved 1114112K
  class space    used 4002K, committed 4352K, reserved 1048576K
}
Event: 24.317 GC heap after
{Heap after GC invocations=17 (full 2):
 PSYoungGen      total 24576K, used 2276K [0x00000000eab00000, 0x00000000ec580000, 0x0000000100000000)
  eden space 22016K, 0% used [0x00000000eab00000,0x00000000eab00000,0x00000000ec080000)
  from space 2560K, 88% used [0x00000000ec080000,0x00000000ec2b9000,0x00000000ec300000)
  to   space 2560K, 0% used [0x00000000ec300000,0x00000000ec300000,0x00000000ec580000)
 ParOldGen       total 68608K, used 22842K [0x00000000c0000000, 0x00000000c4300000, 0x00000000eab00000)
  object space 68608K, 33% used [0x00000000c0000000,0x00000000c164ea88,0x00000000c4300000)
 Metaspace       used 39500K, committed 40320K, reserved 1114112K
  class space    used 4002K, committed 4352K, reserved 1048576K
}
Event: 24.363 GC heap before
{Heap before GC invocations=18 (full 2):
 PSYoungGen      total 24576K, used 24292K [0x00000000eab00000, 0x00000000ec580000, 0x0000000100000000)
  eden space 22016K, 100% used [0x00000000eab00000,0x00000000ec080000,0x00000000ec080000)
  from space 2560K, 88% used [0x00000000ec080000,0x00000000ec2b9000,0x00000000ec300000)
  to   space 2560K, 0% used [0x00000000ec300000,0x00000000ec300000,0x00000000ec580000)
 ParOldGen       total 68608K, used 22842K [0x00000000c0000000, 0x00000000c4300000, 0x00000000eab00000)
  object space 68608K, 33% used [0x00000000c0000000,0x00000000c164ea88,0x00000000c4300000)
 Metaspace       used 39617K, committed 40384K, reserved 1114112K
  class space    used 4010K, committed 4352K, reserved 1048576K
}
Event: 24.367 GC heap after
{Heap after GC invocations=18 (full 2):
 PSYoungGen      total 24576K, used 2201K [0x00000000eab00000, 0x00000000ec580000, 0x0000000100000000)
  eden space 22016K, 0% used [0x00000000eab00000,0x00000000eab00000,0x00000000ec080000)
  from space 2560K, 85% used [0x00000000ec300000,0x00000000ec526480,0x00000000ec580000)
  to   space 2560K, 0% used [0x00000000ec080000,0x00000000ec080000,0x00000000ec300000)
 ParOldGen       total 68608K, used 24982K [0x00000000c0000000, 0x00000000c4300000, 0x00000000eab00000)
  object space 68608K, 36% used [0x00000000c0000000,0x00000000c1865a88,0x00000000c4300000)
 Metaspace       used 39617K, committed 40384K, reserved 1114112K
  class space    used 4010K, committed 4352K, reserved 1048576K
}
Event: 24.427 GC heap before
{Heap before GC invocations=19 (full 2):
 PSYoungGen      total 24576K, used 24217K [0x00000000eab00000, 0x00000000ec580000, 0x0000000100000000)
  eden space 22016K, 100% used [0x00000000eab00000,0x00000000ec080000,0x00000000ec080000)
  from space 2560K, 85% used [0x00000000ec300000,0x00000000ec526480,0x00000000ec580000)
  to   space 2560K, 0% used [0x00000000ec080000,0x00000000ec080000,0x00000000ec300000)
 ParOldGen       total 68608K, used 24982K [0x00000000c0000000, 0x00000000c4300000, 0x00000000eab00000)
  object space 68608K, 36% used [0x00000000c0000000,0x00000000c1865a88,0x00000000c4300000)
 Metaspace       used 39898K, committed 40640K, reserved 1114112K
  class space    used 4035K, committed 4352K, reserved 1048576K
}
Event: 24.431 GC heap after
{Heap after GC invocations=19 (full 2):
 PSYoungGen      total 24576K, used 2424K [0x00000000eab00000, 0x00000000ec580000, 0x0000000100000000)
  eden space 22016K, 0% used [0x00000000eab00000,0x00000000eab00000,0x00000000ec080000)
  from space 2560K, 94% used [0x00000000ec080000,0x00000000ec2de220,0x00000000ec300000)
  to   space 2560K, 0% used [0x00000000ec300000,0x00000000ec300000,0x00000000ec580000)
 ParOldGen       total 68608K, used 27079K [0x00000000c0000000, 0x00000000c4300000, 0x00000000eab00000)
  object space 68608K, 39% used [0x00000000c0000000,0x00000000c1a71f08,0x00000000c4300000)
 Metaspace       used 39898K, committed 40640K, reserved 1114112K
  class space    used 4035K, committed 4352K, reserved 1048576K
}
Event: 24.850 GC heap before
{Heap before GC invocations=20 (full 2):
 PSYoungGen      total 24576K, used 24377K [0x00000000eab00000, 0x00000000ec580000, 0x0000000100000000)
  eden space 22016K, 99% used [0x00000000eab00000,0x00000000ec070330,0x00000000ec080000)
  from space 2560K, 94% used [0x00000000ec080000,0x00000000ec2de220,0x00000000ec300000)
  to   space 2560K, 0% used [0x00000000ec300000,0x00000000ec300000,0x00000000ec580000)
 ParOldGen       total 68608K, used 27079K [0x00000000c0000000, 0x00000000c4300000, 0x00000000eab00000)
  object space 68608K, 39% used [0x00000000c0000000,0x00000000c1a71f08,0x00000000c4300000)
 Metaspace       used 42875K, committed 43648K, reserved 1114112K
  class space    used 4300K, committed 4672K, reserved 1048576K
}
Event: 24.855 GC heap after
{Heap after GC invocations=20 (full 2):
 PSYoungGen      total 20992K, used 2550K [0x00000000eab00000, 0x00000000ecc80000, 0x0000000100000000)
  eden space 18432K, 0% used [0x00000000eab00000,0x00000000eab00000,0x00000000ebd00000)
  from space 2560K, 99% used [0x00000000ec300000,0x00000000ec57dbf0,0x00000000ec580000)
  to   space 6144K, 0% used [0x00000000ebd00000,0x00000000ebd00000,0x00000000ec300000)
 ParOldGen       total 68608K, used 29760K [0x00000000c0000000, 0x00000000c4300000, 0x00000000eab00000)
  object space 68608K, 43% used [0x00000000c0000000,0x00000000c1d10160,0x00000000c4300000)
 Metaspace       used 42875K, committed 43648K, reserved 1114112K
  class space    used 4300K, committed 4672K, reserved 1048576K
}
Event: 25.329 GC heap before
{Heap before GC invocations=21 (full 2):
 PSYoungGen      total 20992K, used 20982K [0x00000000eab00000, 0x00000000ecc80000, 0x0000000100000000)
  eden space 18432K, 100% used [0x00000000eab00000,0x00000000ebd00000,0x00000000ebd00000)
  from space 2560K, 99% used [0x00000000ec300000,0x00000000ec57dbf0,0x00000000ec580000)
  to   space 6144K, 0% used [0x00000000ebd00000,0x00000000ebd00000,0x00000000ec300000)
 ParOldGen       total 68608K, used 29760K [0x00000000c0000000, 0x00000000c4300000, 0x00000000eab00000)
  object space 68608K, 43% used [0x00000000c0000000,0x00000000c1d10160,0x00000000c4300000)
 Metaspace       used 43642K, committed 44416K, reserved 1114112K
  class space    used 4404K, committed 4736K, reserved 1048576K
}
Event: 25.333 GC heap after
{Heap after GC invocations=21 (full 2):
 PSYoungGen      total 18944K, used 320K [0x00000000eab00000, 0x00000000ec380000, 0x0000000100000000)
  eden space 18432K, 0% used [0x00000000eab00000,0x00000000eab00000,0x00000000ebd00000)
  from space 512K, 62% used [0x00000000ebd00000,0x00000000ebd50000,0x00000000ebd80000)
  to   space 2560K, 0% used [0x00000000ec100000,0x00000000ec100000,0x00000000ec380000)
 ParOldGen       total 68608K, used 32253K [0x00000000c0000000, 0x00000000c4300000, 0x00000000eab00000)
  object space 68608K, 47% used [0x00000000c0000000,0x00000000c1f7f6e0,0x00000000c4300000)
 Metaspace       used 43642K, committed 44416K, reserved 1114112K
  class space    used 4404K, committed 4736K, reserved 1048576K
}
Event: 25.685 GC heap before
{Heap before GC invocations=22 (full 2):
 PSYoungGen      total 18944K, used 18752K [0x00000000eab00000, 0x00000000ec380000, 0x0000000100000000)
  eden space 18432K, 100% used [0x00000000eab00000,0x00000000ebd00000,0x00000000ebd00000)
  from space 512K, 62% used [0x00000000ebd00000,0x00000000ebd50000,0x00000000ebd80000)
  to   space 2560K, 0% used [0x00000000ec100000,0x00000000ec100000,0x00000000ec380000)
 ParOldGen       total 68608K, used 32253K [0x00000000c0000000, 0x00000000c4300000, 0x00000000eab00000)
  object space 68608K, 47% used [0x00000000c0000000,0x00000000c1f7f6e0,0x00000000c4300000)
 Metaspace       used 44417K, committed 45184K, reserved 1114112K
  class space    used 4456K, committed 4800K, reserved 1048576K
}
Event: 25.686 GC heap after
{Heap after GC invocations=22 (full 2):
 PSYoungGen      total 19968K, used 1532K [0x00000000eab00000, 0x00000000ec280000, 0x0000000100000000)
  eden space 18432K, 0% used [0x00000000eab00000,0x00000000eab00000,0x00000000ebd00000)
  from space 1536K, 99% used [0x00000000ec100000,0x00000000ec27f148,0x00000000ec280000)
  to   space 2048K, 0% used [0x00000000ebe80000,0x00000000ebe80000,0x00000000ec080000)
 ParOldGen       total 68608K, used 32501K [0x00000000c0000000, 0x00000000c4300000, 0x00000000eab00000)
  object space 68608K, 47% used [0x00000000c0000000,0x00000000c1fbd6e0,0x00000000c4300000)
 Metaspace       used 44417K, committed 45184K, reserved 1114112K
  class space    used 4456K, committed 4800K, reserved 1048576K
}
Event: 25.875 GC heap before
{Heap before GC invocations=23 (full 2):
 PSYoungGen      total 19968K, used 19964K [0x00000000eab00000, 0x00000000ec280000, 0x0000000100000000)
  eden space 18432K, 100% used [0x00000000eab00000,0x00000000ebd00000,0x00000000ebd00000)
  from space 1536K, 99% used [0x00000000ec100000,0x00000000ec27f148,0x00000000ec280000)
  to   space 2048K, 0% used [0x00000000ebe80000,0x00000000ebe80000,0x00000000ec080000)
 ParOldGen       total 68608K, used 32501K [0x00000000c0000000, 0x00000000c4300000, 0x00000000eab00000)
  object space 68608K, 47% used [0x00000000c0000000,0x00000000c1fbd6e0,0x00000000c4300000)
 Metaspace       used 44471K, committed 45248K, reserved 1114112K
  class space    used 4456K, committed 4800K, reserved 1048576K
}
Event: 25.877 GC heap after
{Heap after GC invocations=23 (full 2):
 PSYoungGen      total 19968K, used 1202K [0x00000000eab00000, 0x00000000ec180000, 0x0000000100000000)
  eden space 18432K, 0% used [0x00000000eab00000,0x00000000eab00000,0x00000000ebd00000)
  from space 1536K, 78% used [0x00000000ebe80000,0x00000000ebfacb08,0x00000000ec000000)
  to   space 1536K, 0% used [0x00000000ec000000,0x00000000ec000000,0x00000000ec180000)
 ParOldGen       total 68608K, used 33364K [0x00000000c0000000, 0x00000000c4300000, 0x00000000eab00000)
  object space 68608K, 48% used [0x00000000c0000000,0x00000000c2095100,0x00000000c4300000)
 Metaspace       used 44471K, committed 45248K, reserved 1114112K
  class space    used 4456K, committed 4800K, reserved 1048576K
}
Event: 26.371 GC heap before
{Heap before GC invocations=24 (full 2):
 PSYoungGen      total 19968K, used 19634K [0x00000000eab00000, 0x00000000ec180000, 0x0000000100000000)
  eden space 18432K, 100% used [0x00000000eab00000,0x00000000ebd00000,0x00000000ebd00000)
  from space 1536K, 78% used [0x00000000ebe80000,0x00000000ebfacb08,0x00000000ec000000)
  to   space 1536K, 0% used [0x00000000ec000000,0x00000000ec000000,0x00000000ec180000)
 ParOldGen       total 68608K, used 33364K [0x00000000c0000000, 0x00000000c4300000, 0x00000000eab00000)
  object space 68608K, 48% used [0x00000000c0000000,0x00000000c2095100,0x00000000c4300000)
 Metaspace       used 46002K, committed 46784K, reserved 1114112K
  class space    used 4603K, committed 4992K, reserved 1048576K
}
Event: 26.372 GC heap after
{Heap after GC invocations=24 (full 2):
 PSYoungGen      total 19456K, used 731K [0x00000000eab00000, 0x00000000ec100000, 0x0000000100000000)
  eden space 18432K, 0% used [0x00000000eab00000,0x00000000eab00000,0x00000000ebd00000)
  from space 1024K, 71% used [0x00000000ec000000,0x00000000ec0b6c78,0x00000000ec100000)
  to   space 1024K, 0% used [0x00000000ebf00000,0x00000000ebf00000,0x00000000ec000000)
 ParOldGen       total 68608K, used 33492K [0x00000000c0000000, 0x00000000c4300000, 0x00000000eab00000)
  object space 68608K, 48% used [0x00000000c0000000,0x00000000c20b5120,0x00000000c4300000)
 Metaspace       used 46002K, committed 46784K, reserved 1114112K
  class space    used 4603K, committed 4992K, reserved 1048576K
}
Event: 27.224 GC heap before
{Heap before GC invocations=25 (full 2):
 PSYoungGen      total 19456K, used 18886K [0x00000000eab00000, 0x00000000ec100000, 0x0000000100000000)
  eden space 18432K, 98% used [0x00000000eab00000,0x00000000ebcbad80,0x00000000ebd00000)
  from space 1024K, 71% used [0x00000000ec000000,0x00000000ec0b6c78,0x00000000ec100000)
  to   space 1024K, 0% used [0x00000000ebf00000,0x00000000ebf00000,0x00000000ec000000)
 ParOldGen       total 68608K, used 33492K [0x00000000c0000000, 0x00000000c4300000, 0x00000000eab00000)
  object space 68608K, 48% used [0x00000000c0000000,0x00000000c20b5120,0x00000000c4300000)
 Metaspace       used 47534K, committed 48384K, reserved 1114112K
  class space    used 4786K, committed 5184K, reserved 1048576K
}
Event: 27.225 GC heap after
{Heap after GC invocations=25 (full 2):
 PSYoungGen      total 19456K, used 688K [0x00000000eab00000, 0x00000000ec080000, 0x0000000100000000)
  eden space 18432K, 0% used [0x00000000eab00000,0x00000000eab00000,0x00000000ebd00000)
  from space 1024K, 67% used [0x00000000ebf00000,0x00000000ebfac030,0x00000000ec000000)
  to   space 512K, 0% used [0x00000000ec000000,0x00000000ec000000,0x00000000ec080000)
 ParOldGen       total 68608K, used 33717K [0x00000000c0000000, 0x00000000c4300000, 0x00000000eab00000)
  object space 68608K, 49% used [0x00000000c0000000,0x00000000c20ed630,0x00000000c4300000)
 Metaspace       used 47534K, committed 48384K, reserved 1114112K
  class space    used 4786K, committed 5184K, reserved 1048576K
}

