# JRE version: OpenJDK Runtime Environment Temurin-17.0.13+11 (17.0.13+11) (build 17.0.13+11)
# Java VM: OpenJDK 64-Bit Server VM Temurin-17.0.13+11 (17.0.13+11, mixed mode, sharing, tiered, compressed oops, compressed class ptrs, g1 gc, windows-amd64)
GC Precious Log:
 CPUs: 12 total, 12 available
 Memory: 12063M
 Large Page Support: Disabled
 NUMA Support: Disabled
 Compressed Oops: Enabled (Zero based)
 Heap Region Size: 2M
 Heap Min Capacity: 8M
 Heap Initial Capacity: 190M
 Heap Max Capacity: 3016M
 Pre-touch: Disabled
 Parallel Workers: 10
 Concurrent Workers: 3
 Concurrent Refinement Workers: 10
 Periodic GC: Disabled
Heap:
 garbage-first heap   total 61440K, used 19188K [0x0000000743800000, 0x0000000800000000)
  region size 2048K, 3 young (6144K), 1 survivors (2048K)
 Metaspace       used 32121K, committed 32512K, reserved 1114112K
  class space    used 4184K, committed 4352K, reserved 1048576K
GC Heap History (12 events):
Event: 0.517 GC heap before
{Heap before GC invocations=0 (full 0):
 garbage-first heap   total 194560K, used 22528K [0x0000000743800000, 0x0000000800000000)
  region size 2048K, 11 young (22528K), 0 survivors (0K)
 Metaspace       used 5915K, committed 6080K, reserved 1114112K
  class space    used 701K, committed 768K, reserved 1048576K
}
Event: 0.522 GC heap after
{Heap after GC invocations=1 (full 0):
 garbage-first heap   total 194560K, used 6786K [0x0000000743800000, 0x0000000800000000)
  region size 2048K, 2 young (4096K), 2 survivors (4096K)
 Metaspace       used 5915K, committed 6080K, reserved 1114112K
  class space    used 701K, committed 768K, reserved 1048576K
}
Event: 0.992 GC heap before
{Heap before GC invocations=1 (full 0):
 garbage-first heap   total 194560K, used 31362K [0x0000000743800000, 0x0000000800000000)
  region size 2048K, 14 young (28672K), 2 survivors (4096K)
 Metaspace       used 11946K, committed 12224K, reserved 1114112K
  class space    used 1441K, committed 1600K, reserved 1048576K
}
Event: 0.997 GC heap after
{Heap after GC invocations=2 (full 0):
 garbage-first heap   total 194560K, used 9166K [0x0000000743800000, 0x0000000800000000)
  region size 2048K, 2 young (4096K), 2 survivors (4096K)
 Metaspace       used 11946K, committed 12224K, reserved 1114112K
  class space    used 1441K, committed 1600K, reserved 1048576K
}
Event: 2.267 GC heap before
{Heap before GC invocations=2 (full 0):
 garbage-first heap   total 194560K, used 60366K [0x0000000743800000, 0x0000000800000000)
  region size 2048K, 29 young (59392K), 2 survivors (4096K)
 Metaspace       used 21200K, committed 21504K, reserved 1114112K
  class space    used 2640K, committed 2816K, reserved 1048576K
}
Event: 2.277 GC heap after
{Heap after GC invocations=3 (full 0):
 garbage-first heap   total 194560K, used 13594K [0x0000000743800000, 0x0000000800000000)
  region size 2048K, 4 young (8192K), 4 survivors (8192K)
 Metaspace       used 21200K, committed 21504K, reserved 1114112K
  class space    used 2640K, committed 2816K, reserved 1048576K
}
Event: 3.311 GC heap before
{Heap before GC invocations=4 (full 0):
 garbage-first heap   total 61440K, used 42266K [0x0000000743800000, 0x0000000800000000)
  region size 2048K, 18 young (36864K), 4 survivors (8192K)
 Metaspace       used 26461K, committed 26880K, reserved 1114112K
  class space    used 3383K, committed 3584K, reserved 1048576K
}
Event: 3.321 GC heap after
{Heap after GC invocations=5 (full 0):
 garbage-first heap   total 61440K, used 16174K [0x0000000743800000, 0x0000000800000000)
  region size 2048K, 2 young (4096K), 2 survivors (4096K)
 Metaspace       used 26461K, committed 26880K, reserved 1114112K
  class space    used 3383K, committed 3584K, reserved 1048576K
}
Event: 3.376 GC heap before
{Heap before GC invocations=5 (full 0):
 garbage-first heap   total 61440K, used 18222K [0x0000000743800000, 0x0000000800000000)
  region size 2048K, 3 young (6144K), 2 survivors (4096K)
 Metaspace       used 27002K, committed 27456K, reserved 1114112K
  class space    used 3430K, committed 3648K, reserved 1048576K
}
Event: 3.383 GC heap after
{Heap after GC invocations=6 (full 0):
 garbage-first heap   total 61440K, used 16383K [0x0000000743800000, 0x0000000800000000)
  region size 2048K, 1 young (2048K), 1 survivors (2048K)
 Metaspace       used 27002K, committed 27456K, reserved 1114112K
  class space    used 3430K, committed 3648K, reserved 1048576K
}
Event: 3.962 GC heap before
{Heap before GC invocations=6 (full 0):
 garbage-first heap   total 61440K, used 38911K [0x0000000743800000, 0x0000000800000000)
  region size 2048K, 12 young (24576K), 1 survivors (2048K)
 Metaspace       used 31136K, committed 31552K, reserved 1114112K
  class space    used 4009K, committed 4224K, reserved 1048576K
}
Event: 3.964 GC heap after
{Heap after GC invocations=7 (full 0):
 garbage-first heap   total 61440K, used 17140K [0x0000000743800000, 0x0000000800000000)
  region size 2048K, 1 young (2048K), 1 survivors (2048K)
 Metaspace       used 31136K, committed 31552K, reserved 1114112K
  class space    used 4009K, committed 4224K, reserved 1048576K
}

